2021-07-01 10:17:09,735 INFO       client Parameters parsed OK
2021-07-01 10:24:35,986 INFO       client Parameters parsed OK
2021-07-01 10:24:35,992 INFO       client Server communication OK
2021-07-01 10:25:00,583 CRITICAL   client Critical error in communication with server
2021-07-01 10:25:19,898 INFO       client Parameters parsed OK
2021-07-01 10:25:19,906 INFO       client Server communication OK
2021-07-01 10:42:06,613 INFO       client Parameters parsed OK
2021-07-01 10:42:08,643 CRITICAL   client Critical error in communication with server
2021-07-01 10:42:46,417 INFO       client Parameters parsed OK
2021-07-01 10:42:48,440 CRITICAL   client Critical error in communication with server
2021-07-01 10:43:16,138 INFO       client Parameters parsed OK
2021-07-01 10:43:16,145 INFO       client Server communication OK
2021-07-05 11:05:44,982 INFO       client Parameters parsed OK
2021-07-05 11:05:44,994 INFO       client Server communication OK
2021-07-05 11:15:57,510 INFO       client Parameters parsed OK
2021-07-05 11:15:57,519 INFO       client Server communication OK
2021-07-05 11:27:59,043 INFO       client Entering parse_parameters
2021-07-05 11:27:59,063 INFO       client Parameters parsed OK
2021-07-05 11:27:59,063 INFO       client Exiting parse_parameters
2021-07-05 11:27:59,070 INFO       client Server communication OK
2021-07-05 13:11:52,359 INFO       client Entering parse_parameters
2021-07-05 13:11:52,360 INFO       client Entering <module>
2021-07-05 13:11:52,377 INFO       client Parameters parsed OK
2021-07-05 13:11:52,377 INFO       client Exiting parse_parameters
2021-07-05 13:11:52,389 INFO       client Server communication OK
2021-07-05 13:14:01,998 INFO       client Entering parse_parameters
2021-07-05 13:14:01,998 INFO       client caller function: <module>
2021-07-05 13:14:02,031 INFO       client Parameters parsed OK
2021-07-05 13:14:02,031 INFO       client Exiting parse_parameters
2021-07-05 13:14:02,042 INFO       client Server communication OK
2021-07-05 13:18:03,606 INFO       log_decorator Entering parse_parameters
2021-07-05 13:18:03,606 INFO       log_decorator caller function: <module>
2021-07-05 13:18:03,621 INFO       client Parameters parsed OK
2021-07-05 13:18:03,621 INFO       log_decorator Exiting parse_parameters
2021-07-05 13:18:03,627 INFO       client Server communication OK
2021-07-05 13:18:30,268 INFO       log_decorator Entering parse_parameters
2021-07-05 13:18:30,268 INFO       log_decorator caller function: <module>
2021-07-05 13:18:30,289 INFO       client Parameters parsed OK
2021-07-05 13:18:30,289 INFO       log_decorator Exiting parse_parameters
2021-07-05 13:18:30,297 INFO       client Server communication OK
2021-07-05 13:18:38,369 INFO       log_decorator Entering parse_parameters
2021-07-05 13:18:38,369 INFO       log_decorator caller function: <module>
2021-07-05 13:18:38,384 INFO       client Parameters parsed OK
2021-07-05 13:18:38,384 INFO       log_decorator Exiting parse_parameters
2021-07-05 13:18:38,390 INFO       client Server communication OK
2021-07-05 13:20:37,393 INFO       log_decorator Entering parse_parameters
2021-07-05 13:20:37,393 INFO       log_decorator caller function: <module>
2021-07-05 13:20:37,409 INFO       client Parameters parsed OK
2021-07-05 13:20:37,410 INFO       log_decorator Exiting parse_parameters
2021-07-05 13:20:37,418 INFO       client Server communication OK
2021-07-05 13:56:51,216 INFO       log_decorator Entering parse_parameters
2021-07-05 13:56:51,216 INFO       log_decorator Function parse_parameters called from function: <module>
2021-07-05 13:56:51,231 INFO       client Parameters parsed OK
2021-07-05 13:56:51,231 INFO       log_decorator Exiting parse_parameters
2021-07-05 13:56:51,238 INFO       client Server communication OK
2021-07-08 15:20:01,209 INFO       log_decorator Entering parse_parameters
2021-07-08 15:20:01,210 INFO       log_decorator Function parse_parameters called from function: <module>
2021-07-08 15:20:01,224 INFO       client Parameters parsed OK
2021-07-08 15:20:01,224 INFO       log_decorator Exiting parse_parameters
2021-07-08 15:20:03,261 CRITICAL   client Critical error in communication with server
2021-07-08 15:22:42,595 INFO       log_decorator Entering parse_parameters
2021-07-08 15:22:42,595 INFO       log_decorator Function parse_parameters called from function: <module>
2021-07-08 15:22:42,606 INFO       client Parameters parsed OK
2021-07-08 15:22:42,607 INFO       log_decorator Exiting parse_parameters
2021-07-08 15:22:44,647 CRITICAL   client Critical error in communication with server
2021-07-08 15:41:31,166 INFO       log_decorator Entering parse_parameters
2021-07-08 15:41:31,166 INFO       log_decorator Function parse_parameters called from function: <module>
2021-07-08 15:41:31,177 INFO       client Parameters parsed OK
2021-07-08 15:41:31,177 INFO       log_decorator Exiting parse_parameters
2021-07-08 15:41:33,221 CRITICAL   client Critical error in communication with server
2021-07-08 16:08:44,889 INFO       log_decorator Entering parse_parameters
2021-07-08 16:08:44,889 INFO       log_decorator Function parse_parameters called from function: <module>
2021-07-08 16:08:44,902 INFO       client Parameters parsed OK
2021-07-08 16:08:44,902 INFO       log_decorator Exiting parse_parameters
2021-07-08 16:08:46,963 CRITICAL   client Critical error in communication with server
2021-07-08 16:12:38,292 INFO       log_decorator Entering parse_parameters
2021-07-08 16:12:38,292 INFO       log_decorator Function parse_parameters called from function: <module>
2021-07-08 16:12:38,305 INFO       client Parameters parsed OK
2021-07-08 16:12:38,305 INFO       log_decorator Exiting parse_parameters
2021-07-08 16:12:40,347 CRITICAL   client Critical error in communication with server
2021-07-08 16:51:56,928 INFO       log_decorator Entering parse_parameters
2021-07-08 16:51:56,928 INFO       log_decorator Function parse_parameters called from function: <module>
2021-07-08 16:51:56,947 INFO       client Parameters parsed OK
2021-07-08 16:51:56,948 INFO       log_decorator Exiting parse_parameters
2021-07-08 16:52:20,900 INFO       log_decorator Entering parse_parameters
2021-07-08 16:52:20,900 INFO       log_decorator Function parse_parameters called from function: <module>
2021-07-08 16:52:20,914 INFO       client Parameters parsed OK
2021-07-08 16:52:20,915 INFO       log_decorator Exiting parse_parameters
2021-07-08 16:59:28,205 INFO       log_decorator Entering parse_parameters
2021-07-08 16:59:28,206 INFO       log_decorator Function parse_parameters called from function: <module>
2021-07-08 16:59:28,221 INFO       client Parameters parsed OK
2021-07-08 16:59:28,221 INFO       log_decorator Exiting parse_parameters
2021-07-08 16:59:28,227 INFO       client Server communication OK
2021-07-08 17:57:31,560 INFO       log_decorator Entering parse_parameters
2021-07-08 17:57:31,560 INFO       log_decorator Function parse_parameters called from function: <module>
2021-07-08 17:57:31,575 INFO       client Parameters parsed OK
2021-07-08 17:57:31,575 INFO       log_decorator Exiting parse_parameters
2021-07-08 17:57:31,582 INFO       client Server communication OK
2021-07-08 17:59:05,922 INFO       log_decorator Entering parse_parameters
2021-07-08 17:59:05,922 INFO       log_decorator Function parse_parameters called from function: <module>
2021-07-08 17:59:05,941 INFO       client Parameters parsed OK
2021-07-08 17:59:05,941 INFO       log_decorator Exiting parse_parameters
2021-07-08 17:59:05,953 INFO       client Server communication OK
2021-07-08 18:01:33,255 INFO       log_decorator Entering parse_parameters
2021-07-08 18:01:33,255 INFO       log_decorator Function parse_parameters called from function: <module>
2021-07-08 18:01:33,266 INFO       client Parameters parsed OK
2021-07-08 18:01:33,267 INFO       log_decorator Exiting parse_parameters
2021-07-08 18:01:33,275 INFO       client Server communication OK
2021-07-08 18:02:32,678 INFO       log_decorator Entering parse_parameters
2021-07-08 18:02:32,678 INFO       log_decorator Function parse_parameters called from function: <module>
2021-07-08 18:02:32,690 INFO       client Parameters parsed OK
2021-07-08 18:02:32,690 INFO       log_decorator Exiting parse_parameters
2021-07-08 18:02:32,702 INFO       client Server communication OK
2021-07-08 18:10:59,142 INFO       log_decorator Entering parse_parameters
2021-07-08 18:10:59,143 INFO       log_decorator Function parse_parameters called from function: <module>
2021-07-08 18:10:59,154 INFO       client Parameters parsed OK
2021-07-08 18:10:59,154 INFO       log_decorator Exiting parse_parameters
2021-07-08 18:10:59,167 INFO       client Server communication OK
2021-07-08 18:12:11,462 INFO       log_decorator Entering parse_parameters
2021-07-08 18:12:11,463 INFO       log_decorator Function parse_parameters called from function: <module>
2021-07-08 18:12:11,480 INFO       client Parameters parsed OK
2021-07-08 18:12:11,480 INFO       log_decorator Exiting parse_parameters
2021-07-08 18:12:11,490 INFO       client Server communication OK
2021-07-08 18:13:03,101 INFO       log_decorator Entering parse_parameters
2021-07-08 18:13:03,101 INFO       log_decorator Function parse_parameters called from function: <module>
2021-07-08 18:13:03,112 INFO       client Parameters parsed OK
2021-07-08 18:13:03,112 INFO       log_decorator Exiting parse_parameters
2021-07-08 18:13:03,123 INFO       client Server communication OK
2021-07-08 18:24:50,152 INFO       log_decorator Entering parse_parameters
2021-07-08 18:24:50,152 INFO       log_decorator Function parse_parameters called from function: <module>
2021-07-08 18:24:50,173 INFO       client02 Parameters parsed OK
2021-07-08 18:24:50,173 INFO       log_decorator Exiting parse_parameters
2021-07-08 18:24:50,184 INFO       client02 Server communication OK
2021-07-09 10:53:27,240 INFO       log_decorator Entering parse_parameters
2021-07-09 10:53:27,240 INFO       log_decorator Function parse_parameters called from function: <module>
2021-07-09 10:53:27,256 INFO       client_receiver_only Parameters parsed OK
2021-07-09 10:53:27,256 INFO       log_decorator Exiting parse_parameters
2021-07-09 10:53:41,874 INFO       log_decorator Entering parse_parameters
2021-07-09 10:53:41,874 INFO       log_decorator Function parse_parameters called from function: <module>
2021-07-09 10:53:41,889 INFO       client Parameters parsed OK
2021-07-09 10:53:41,889 INFO       log_decorator Exiting parse_parameters
2021-07-09 10:53:41,905 INFO       client Server communication OK
2021-07-09 10:54:07,682 INFO       log_decorator Entering parse_parameters
2021-07-09 10:54:07,697 INFO       log_decorator Function parse_parameters called from function: <module>
2021-07-09 10:54:07,713 INFO       client_receiver_only Parameters parsed OK
2021-07-09 10:54:07,713 INFO       log_decorator Exiting parse_parameters
2021-07-09 10:55:34,120 INFO       log_decorator Entering parse_parameters
2021-07-09 10:55:34,120 INFO       log_decorator Function parse_parameters called from function: <module>
2021-07-09 10:55:34,135 INFO       client_receiver_only Parameters parsed OK
2021-07-09 10:55:34,135 INFO       log_decorator Exiting parse_parameters
2021-07-09 10:55:47,140 INFO       log_decorator Entering parse_parameters
2021-07-09 10:55:47,140 INFO       log_decorator Function parse_parameters called from function: <module>
2021-07-09 10:55:47,156 INFO       client Parameters parsed OK
2021-07-09 10:55:47,156 INFO       log_decorator Exiting parse_parameters
2021-07-09 10:55:47,171 INFO       client Server communication OK
2021-07-09 10:58:38,022 INFO       log_decorator Entering parse_parameters
2021-07-09 10:58:38,022 INFO       log_decorator Function parse_parameters called from function: <module>
2021-07-09 10:58:38,038 INFO       client Parameters parsed OK
2021-07-09 10:58:38,038 INFO       log_decorator Exiting parse_parameters
2021-07-09 10:58:38,053 INFO       client Server communication OK
2021-07-09 10:58:48,768 INFO       log_decorator Entering parse_parameters
2021-07-09 10:58:48,768 INFO       log_decorator Function parse_parameters called from function: <module>
2021-07-09 10:58:48,799 INFO       client_receiver_only Parameters parsed OK
2021-07-09 10:58:48,799 INFO       log_decorator Exiting parse_parameters
2021-07-09 10:59:04,344 INFO       log_decorator Entering parse_parameters
2021-07-09 10:59:04,344 INFO       log_decorator Function parse_parameters called from function: <module>
2021-07-09 10:59:04,360 INFO       client Parameters parsed OK
2021-07-09 10:59:04,360 INFO       log_decorator Exiting parse_parameters
2021-07-09 10:59:04,360 INFO       client Server communication OK
2021-07-09 11:00:17,290 INFO       log_decorator Entering parse_parameters
2021-07-09 11:00:17,290 INFO       log_decorator Function parse_parameters called from function: <module>
2021-07-09 11:00:17,308 INFO       client_receiver_only Parameters parsed OK
2021-07-09 11:00:17,308 INFO       log_decorator Exiting parse_parameters
2021-07-09 11:00:27,071 INFO       log_decorator Entering parse_parameters
2021-07-09 11:00:27,071 INFO       log_decorator Function parse_parameters called from function: <module>
2021-07-09 11:00:27,087 INFO       client Parameters parsed OK
2021-07-09 11:00:27,087 INFO       log_decorator Exiting parse_parameters
2021-07-09 11:00:27,102 INFO       client Server communication OK
2021-07-09 11:00:40,246 INFO       log_decorator Entering parse_parameters
2021-07-09 11:00:40,246 INFO       log_decorator Function parse_parameters called from function: <module>
2021-07-09 11:00:40,261 INFO       client Parameters parsed OK
2021-07-09 11:00:40,261 INFO       log_decorator Exiting parse_parameters
2021-07-09 11:00:40,277 INFO       client Server communication OK
2021-07-09 11:01:32,607 INFO       log_decorator Entering parse_parameters
2021-07-09 11:01:32,607 INFO       log_decorator Function parse_parameters called from function: <module>
2021-07-09 11:01:32,625 INFO       client_receiver_only Parameters parsed OK
2021-07-09 11:01:32,625 INFO       log_decorator Exiting parse_parameters
2021-07-09 11:01:59,427 INFO       log_decorator Entering parse_parameters
2021-07-09 11:01:59,443 INFO       log_decorator Function parse_parameters called from function: <module>
2021-07-09 11:01:59,458 INFO       client_receiver_only Parameters parsed OK
2021-07-09 11:01:59,458 INFO       log_decorator Exiting parse_parameters
2021-07-09 11:02:07,697 INFO       log_decorator Entering parse_parameters
2021-07-09 11:02:07,697 INFO       log_decorator Function parse_parameters called from function: <module>
2021-07-09 11:02:07,728 INFO       client Parameters parsed OK
2021-07-09 11:02:07,728 INFO       log_decorator Exiting parse_parameters
2021-07-09 11:02:07,728 INFO       client Server communication OK
2021-07-09 11:02:38,243 INFO       log_decorator Entering parse_parameters
2021-07-09 11:02:38,243 INFO       log_decorator Function parse_parameters called from function: <module>
2021-07-09 11:02:38,259 INFO       client Parameters parsed OK
2021-07-09 11:02:38,259 INFO       log_decorator Exiting parse_parameters
2021-07-09 11:02:38,275 INFO       client Server communication OK
2021-07-09 15:34:57,184 INFO       log_decorator Entering parse_parameters
2021-07-09 15:34:57,184 INFO       log_decorator Function parse_parameters called from function: <module>
2021-07-09 15:34:57,203 INFO       client Parameters parsed OK
2021-07-09 15:34:57,203 INFO       log_decorator Exiting parse_parameters
2021-07-09 15:34:57,246 INFO       client Server communication OK
2021-07-09 15:39:55,976 INFO       client_receiver_only Server communication OK
2021-07-09 15:40:19,444 INFO       log_decorator Entering parse_parameters
2021-07-09 15:40:19,444 INFO       log_decorator Function parse_parameters called from function: <module>
2021-07-09 15:40:19,460 INFO       client_receiver_only Parameters parsed OK
2021-07-09 15:40:19,461 INFO       log_decorator Exiting parse_parameters
2021-07-09 15:40:30,089 INFO       log_decorator Entering parse_parameters
2021-07-09 15:40:30,089 INFO       log_decorator Function parse_parameters called from function: <module>
2021-07-09 15:40:30,111 INFO       client Parameters parsed OK
2021-07-09 15:40:30,111 INFO       log_decorator Exiting parse_parameters
2021-07-09 15:40:30,123 INFO       client Server communication OK
2021-07-09 15:44:10,479 INFO       log_decorator Entering parse_parameters
2021-07-09 15:44:10,479 INFO       log_decorator Function parse_parameters called from function: <module>
2021-07-09 15:44:10,490 INFO       client Parameters parsed OK
2021-07-09 15:44:10,490 INFO       log_decorator Exiting parse_parameters
2021-07-09 15:44:10,505 INFO       client Server communication OK
2021-07-09 15:46:53,341 INFO       client_receiver_only Server communication OK
2021-07-09 15:47:06,326 INFO       log_decorator Entering parse_parameters
2021-07-09 15:47:06,326 INFO       log_decorator Function parse_parameters called from function: <module>
2021-07-09 15:47:06,341 INFO       client_receiver_only Parameters parsed OK
2021-07-09 15:47:06,341 INFO       log_decorator Exiting parse_parameters
2021-07-09 15:47:19,479 INFO       log_decorator Entering parse_parameters
2021-07-09 15:47:19,479 INFO       log_decorator Function parse_parameters called from function: <module>
2021-07-09 15:47:19,491 INFO       client Parameters parsed OK
2021-07-09 15:47:19,491 INFO       log_decorator Exiting parse_parameters
2021-07-09 15:47:19,505 INFO       client Server communication OK
2021-07-09 15:49:22,914 INFO       log_decorator Entering parse_parameters
2021-07-09 15:49:22,914 INFO       log_decorator Function parse_parameters called from function: <module>
2021-07-09 15:49:22,927 INFO       client Parameters parsed OK
2021-07-09 15:49:22,927 INFO       log_decorator Exiting parse_parameters
2021-07-09 15:49:22,941 INFO       client Server communication OK
2021-07-09 15:49:45,646 INFO       client_receiver_only Server communication OK
2021-07-09 15:49:56,157 INFO       log_decorator Entering parse_parameters
2021-07-09 15:49:56,158 INFO       log_decorator Function parse_parameters called from function: <module>
2021-07-09 15:49:56,180 INFO       client_receiver_only Parameters parsed OK
2021-07-09 15:49:56,180 INFO       log_decorator Exiting parse_parameters
2021-07-09 15:50:06,821 INFO       log_decorator Entering parse_parameters
2021-07-09 15:50:06,822 INFO       log_decorator Function parse_parameters called from function: <module>
2021-07-09 15:50:06,837 INFO       client Parameters parsed OK
2021-07-09 15:50:06,837 INFO       log_decorator Exiting parse_parameters
2021-07-09 15:50:06,847 INFO       client Server communication OK
2021-07-09 16:13:22,375 INFO       client_receiver_only Server communication OK
2021-07-09 16:13:26,608 INFO       log_decorator Entering parse_parameters
2021-07-09 16:13:26,608 INFO       log_decorator Function parse_parameters called from function: <module>
2021-07-09 16:13:26,628 INFO       client_receiver_only Parameters parsed OK
2021-07-09 16:13:26,628 INFO       log_decorator Exiting parse_parameters
2021-07-09 16:13:36,067 INFO       log_decorator Entering parse_parameters
2021-07-09 16:13:36,067 INFO       log_decorator Function parse_parameters called from function: <module>
2021-07-09 16:13:36,085 INFO       client_receiver_only Parameters parsed OK
2021-07-09 16:13:36,085 INFO       log_decorator Exiting parse_parameters
2021-07-09 16:13:42,446 INFO       log_decorator Entering parse_parameters
2021-07-09 16:13:42,446 INFO       log_decorator Function parse_parameters called from function: <module>
2021-07-09 16:13:42,459 INFO       client Parameters parsed OK
2021-07-09 16:13:42,459 INFO       log_decorator Exiting parse_parameters
2021-07-09 16:13:42,469 INFO       client Server communication OK
2021-07-09 16:15:12,471 INFO       client_receiver_only Server communication OK
2021-07-09 16:15:19,010 INFO       log_decorator Entering parse_parameters
2021-07-09 16:15:19,010 INFO       log_decorator Function parse_parameters called from function: <module>
2021-07-09 16:15:19,025 INFO       client_receiver_only Parameters parsed OK
2021-07-09 16:15:19,025 INFO       log_decorator Exiting parse_parameters
2021-07-09 16:15:25,724 INFO       log_decorator Entering parse_parameters
2021-07-09 16:15:25,724 INFO       log_decorator Function parse_parameters called from function: <module>
2021-07-09 16:15:25,736 INFO       client Parameters parsed OK
2021-07-09 16:15:25,736 INFO       log_decorator Exiting parse_parameters
2021-07-09 16:15:25,748 INFO       client Server communication OK
2021-07-09 16:34:08,379 INFO       client_receiver_only Server communication OK
2021-07-09 16:34:17,724 INFO       log_decorator Entering parse_parameters
2021-07-09 16:34:17,725 INFO       log_decorator Function parse_parameters called from function: <module>
2021-07-09 16:34:17,741 INFO       client_receiver_only Parameters parsed OK
2021-07-09 16:34:17,741 INFO       log_decorator Exiting parse_parameters
2021-07-09 16:36:59,199 INFO       log_decorator Entering parse_parameters
2021-07-09 16:36:59,199 INFO       log_decorator Function parse_parameters called from function: <module>
2021-07-09 16:36:59,220 INFO       client_receiver_only Parameters parsed OK
2021-07-09 16:36:59,220 INFO       log_decorator Exiting parse_parameters
2021-07-09 16:37:09,649 INFO       log_decorator Entering parse_parameters
2021-07-09 16:37:09,649 INFO       log_decorator Function parse_parameters called from function: <module>
2021-07-09 16:37:09,661 INFO       client Parameters parsed OK
2021-07-09 16:37:09,661 INFO       log_decorator Exiting parse_parameters
2021-07-09 16:37:09,671 INFO       client Server communication OK
2021-07-09 17:01:03,719 INFO       log_decorator Entering parse_parameters
2021-07-09 17:01:03,719 INFO       log_decorator Function parse_parameters called from function: <module>
2021-07-09 17:01:03,732 INFO       client Parameters parsed OK
2021-07-09 17:01:03,732 INFO       log_decorator Exiting parse_parameters
2021-07-09 17:01:03,743 INFO       client Server communication OK
2021-07-09 17:02:34,211 INFO       client_receiver_only Server communication OK
2021-07-09 17:02:59,535 INFO       log_decorator Entering parse_parameters
2021-07-09 17:02:59,535 INFO       log_decorator Function parse_parameters called from function: <module>
2021-07-09 17:02:59,549 INFO       client_receiver_only Parameters parsed OK
2021-07-09 17:02:59,549 INFO       log_decorator Exiting parse_parameters
2021-07-09 17:03:09,810 INFO       log_decorator Entering parse_parameters
2021-07-09 17:03:09,810 INFO       log_decorator Function parse_parameters called from function: <module>
2021-07-09 17:03:09,821 INFO       client Parameters parsed OK
2021-07-09 17:03:09,821 INFO       log_decorator Exiting parse_parameters
2021-07-09 17:03:09,832 INFO       client_receiver_only Server communication OK
2021-07-09 17:03:09,833 INFO       client Server communication OK
2021-07-09 17:50:38,145 INFO       log_decorator Entering parse_parameters
2021-07-09 17:50:38,146 INFO       log_decorator Function parse_parameters called from function: <module>
2021-07-09 17:50:38,163 INFO       client_receiver_only Parameters parsed OK
2021-07-09 17:50:38,163 INFO       log_decorator Exiting parse_parameters
2021-07-09 17:50:45,995 INFO       log_decorator Entering parse_parameters
2021-07-09 17:50:45,996 INFO       log_decorator Function parse_parameters called from function: <module>
2021-07-09 17:50:46,017 INFO       client Parameters parsed OK
2021-07-09 17:50:46,017 INFO       log_decorator Exiting parse_parameters
2021-07-09 17:50:46,028 INFO       client_receiver_only Server communication OK
2021-07-09 17:50:46,029 INFO       client Server communication OK
2021-07-09 17:50:48,041 INFO       client_receiver_only Server communication OK
2021-07-09 17:56:04,452 INFO       log_decorator Entering parse_parameters
2021-07-09 17:56:04,452 INFO       log_decorator Function parse_parameters called from function: <module>
2021-07-09 17:56:04,467 INFO       client Parameters parsed OK
2021-07-09 17:56:04,467 INFO       log_decorator Exiting parse_parameters
2021-07-09 17:56:04,476 INFO       client_receiver_only Server communication OK
2021-07-09 17:56:04,478 INFO       client Server communication OK
2021-07-09 17:56:06,484 INFO       client_receiver_only Server communication OK
2021-07-09 17:56:08,508 INFO       log_decorator Entering parse_parameters
2021-07-09 17:56:08,508 INFO       log_decorator Function parse_parameters called from function: <module>
2021-07-09 17:56:08,523 INFO       client Parameters parsed OK
2021-07-09 17:56:08,523 INFO       log_decorator Exiting parse_parameters
2021-07-09 17:56:08,532 INFO       client_receiver_only Server communication OK
2021-07-09 17:56:08,533 INFO       client Server communication OK
2021-07-09 17:56:10,537 INFO       client_receiver_only Server communication OK
2021-07-09 17:56:20,496 INFO       log_decorator Entering parse_parameters
2021-07-09 17:56:20,496 INFO       log_decorator Function parse_parameters called from function: <module>
2021-07-09 17:56:20,507 INFO       client Parameters parsed OK
2021-07-09 17:56:20,507 INFO       log_decorator Exiting parse_parameters
2021-07-09 17:56:20,516 INFO       client_receiver_only Server communication OK
2021-07-09 17:56:20,517 INFO       client Server communication OK
2021-07-09 17:56:22,523 INFO       client_receiver_only Server communication OK
2021-07-09 17:59:25,229 INFO       log_decorator Entering parse_parameters
2021-07-09 17:59:25,229 INFO       log_decorator Function parse_parameters called from function: <module>
2021-07-09 17:59:25,240 INFO       client Parameters parsed OK
2021-07-09 17:59:25,240 INFO       log_decorator Exiting parse_parameters
2021-07-09 17:59:25,248 INFO       client_receiver_only Server communication OK
2021-07-09 17:59:25,249 INFO       client Server communication OK
2021-07-09 17:59:27,263 INFO       client_receiver_only Server communication OK
2021-07-09 18:01:16,466 INFO       log_decorator Entering parse_parameters
2021-07-09 18:01:16,467 INFO       log_decorator Function parse_parameters called from function: <module>
2021-07-09 18:01:16,483 INFO       client Parameters parsed OK
2021-07-09 18:01:16,483 INFO       log_decorator Exiting parse_parameters
2021-07-09 18:01:16,493 INFO       client_receiver_only Server communication OK
2021-07-09 18:01:16,494 INFO       client Server communication OK
2021-07-09 18:01:18,499 INFO       client_receiver_only Server communication OK
2021-07-09 18:02:14,406 INFO       log_decorator Entering parse_parameters
2021-07-09 18:02:14,406 INFO       log_decorator Function parse_parameters called from function: <module>
2021-07-09 18:02:14,424 INFO       client_receiver_only Parameters parsed OK
2021-07-09 18:02:14,424 INFO       log_decorator Exiting parse_parameters
2021-07-09 18:02:21,529 INFO       log_decorator Entering parse_parameters
2021-07-09 18:02:21,529 INFO       log_decorator Function parse_parameters called from function: <module>
2021-07-09 18:02:21,541 INFO       client Parameters parsed OK
2021-07-09 18:02:21,541 INFO       log_decorator Exiting parse_parameters
2021-07-09 18:02:21,550 INFO       client_receiver_only Server communication OK
2021-07-09 18:02:21,550 INFO       client Server communication OK
2021-07-09 18:02:23,553 INFO       client_receiver_only Server communication OK
2021-07-09 18:02:57,020 INFO       client_receiver_only Server communication OK
2021-07-09 18:03:30,518 INFO       log_decorator Entering parse_parameters
2021-07-09 18:03:30,519 INFO       log_decorator Function parse_parameters called from function: <module>
2021-07-09 18:03:30,526 INFO       client_receiver_only Parameters parsed OK
2021-07-09 18:03:30,526 INFO       log_decorator Exiting parse_parameters
2021-07-09 18:03:33,252 INFO       log_decorator Entering parse_parameters
2021-07-09 18:03:33,253 INFO       log_decorator Function parse_parameters called from function: <module>
2021-07-09 18:03:33,292 INFO       client_receiver_only Parameters parsed OK
2021-07-09 18:03:33,293 INFO       log_decorator Exiting parse_parameters
2021-07-09 18:03:41,539 INFO       log_decorator Entering parse_parameters
2021-07-09 18:03:41,539 INFO       log_decorator Function parse_parameters called from function: <module>
2021-07-09 18:03:41,554 INFO       client Parameters parsed OK
2021-07-09 18:03:41,554 INFO       log_decorator Exiting parse_parameters
2021-07-09 18:03:41,563 INFO       client_receiver_only Server communication OK
2021-07-09 18:03:41,564 INFO       client Server communication OK
2021-07-09 18:03:43,574 INFO       client_receiver_only Server communication OK
2021-10-29 11:23:40,389 INFO       log_decorator Entering parse_parameters
2021-10-29 11:23:40,389 INFO       log_decorator Function parse_parameters called from function: <module>
2021-10-29 11:23:40,396 INFO       client Parameters parsed OK
2021-10-29 11:23:40,396 INFO       log_decorator Exiting parse_parameters
2021-10-29 11:25:12,005 INFO       log_decorator Entering parse_parameters
2021-10-29 11:25:12,006 INFO       log_decorator Function parse_parameters called from function: <module>
2021-10-29 11:25:12,012 INFO       client Parameters parsed OK
2021-10-29 11:25:12,012 INFO       log_decorator Exiting parse_parameters
2021-10-29 11:25:12,015 INFO       client Server communication OK
2021-10-29 11:26:11,354 INFO       log_decorator Entering parse_parameters
2021-10-29 11:26:11,354 INFO       log_decorator Function parse_parameters called from function: <module>
2021-10-29 11:26:11,361 INFO       client_receiver_only Parameters parsed OK
2021-10-29 11:26:11,361 INFO       log_decorator Exiting parse_parameters
2021-10-29 11:58:10,431 INFO       log_decorator Entering parse_parameters
2021-10-29 11:58:10,431 INFO       log_decorator Function parse_parameters called from function: <module>
2021-10-29 11:58:10,438 INFO       client Parameters parsed OK
2021-10-29 11:58:10,439 INFO       log_decorator Exiting parse_parameters
2021-10-29 11:58:10,441 INFO       client Server communication OK
2021-10-29 12:00:38,358 INFO       log_decorator Entering parse_parameters
2021-10-29 12:00:38,358 INFO       log_decorator Function parse_parameters called from function: <module>
2021-10-29 12:00:38,365 INFO       client_receiver_only Parameters parsed OK
2021-10-29 12:00:38,365 INFO       log_decorator Exiting parse_parameters
2021-10-29 14:09:40,455 INFO       client_receiver_only Server communication OK
2021-10-29 14:46:33,614 INFO       log_decorator Entering parse_parameters
2021-10-29 14:46:33,615 INFO       log_decorator Function parse_parameters called from function: <module>
2021-10-29 14:46:33,621 INFO       client_receiver_only Parameters parsed OK
2021-10-29 14:46:33,621 INFO       log_decorator Exiting parse_parameters
2021-10-29 16:47:41,773 INFO       log_decorator Entering parse_parameters
2021-10-29 16:47:41,774 INFO       log_decorator Function parse_parameters called from function: <module>
2021-10-29 16:47:41,784 INFO       client Parameters parsed OK
2021-10-29 16:47:41,784 INFO       log_decorator Exiting parse_parameters
2021-10-29 16:47:41,787 INFO       client Server communication OK
2021-10-29 16:49:06,424 INFO       log_decorator Entering parse_parameters
2021-10-29 16:49:06,424 INFO       log_decorator Function parse_parameters called from function: <module>
2021-10-29 16:49:06,435 INFO       client Parameters parsed OK
2021-10-29 16:49:06,435 INFO       log_decorator Exiting parse_parameters
2021-10-29 16:49:06,438 INFO       client Server communication OK
2021-10-29 16:49:06,467 INFO       log_decorator Entering parse_parameters
2021-10-29 16:49:06,467 INFO       log_decorator Function parse_parameters called from function: <module>
2021-10-29 16:49:06,477 INFO       client Parameters parsed OK
2021-10-29 16:49:06,477 INFO       log_decorator Exiting parse_parameters
2021-10-29 16:49:06,480 INFO       client Server communication OK
2021-10-29 16:50:51,386 INFO       log_decorator Entering parse_parameters
2021-10-29 16:50:51,386 INFO       log_decorator Function parse_parameters called from function: <module>
2021-10-29 16:50:51,393 INFO       client Parameters parsed OK
2021-10-29 16:50:51,393 INFO       log_decorator Exiting parse_parameters
2021-10-29 16:50:51,396 INFO       client Server communication OK
2021-10-29 16:53:19,510 INFO       log_decorator Entering parse_parameters
2021-10-29 16:53:19,511 INFO       log_decorator Function parse_parameters called from function: <module>
2021-10-29 16:53:19,517 INFO       client Parameters parsed OK
2021-10-29 16:53:19,518 INFO       log_decorator Exiting parse_parameters
2021-10-29 16:53:19,521 INFO       client Server communication OK
2021-10-29 16:53:37,854 INFO       log_decorator Entering parse_parameters
2021-10-29 16:53:37,854 INFO       log_decorator Function parse_parameters called from function: <module>
2021-10-29 16:53:37,861 INFO       client Parameters parsed OK
2021-10-29 16:53:37,861 INFO       log_decorator Exiting parse_parameters
2021-10-29 16:53:37,863 INFO       client Server communication OK
2021-10-29 16:54:08,542 INFO       log_decorator Entering parse_parameters
2021-10-29 16:54:08,542 INFO       log_decorator Function parse_parameters called from function: <module>
2021-10-29 16:54:08,553 INFO       client Parameters parsed OK
2021-10-29 16:54:08,553 INFO       log_decorator Exiting parse_parameters
2021-10-29 16:54:08,556 INFO       client Server communication OK
2021-10-29 16:54:16,865 INFO       log_decorator Entering parse_parameters
2021-10-29 16:54:16,865 INFO       log_decorator Function parse_parameters called from function: <module>
2021-10-29 16:54:16,875 INFO       client Parameters parsed OK
2021-10-29 16:54:16,875 INFO       log_decorator Exiting parse_parameters
2021-10-29 16:54:16,878 INFO       client Server communication OK
2021-10-29 16:54:16,897 INFO       log_decorator Entering parse_parameters
2021-10-29 16:54:16,897 INFO       log_decorator Function parse_parameters called from function: <module>
2021-10-29 16:54:16,907 INFO       client Parameters parsed OK
2021-10-29 16:54:16,907 INFO       log_decorator Exiting parse_parameters
2021-10-29 16:54:16,909 INFO       client Server communication OK
2021-10-29 17:03:21,249 INFO       log_decorator Entering parse_parameters
2021-10-29 17:03:21,249 INFO       log_decorator Function parse_parameters called from function: <module>
2021-10-29 17:03:21,260 INFO       client Parameters parsed OK
2021-10-29 17:03:21,260 INFO       log_decorator Exiting parse_parameters
2021-10-29 17:03:21,295 INFO       log_decorator Entering parse_parameters
2021-10-29 17:03:21,295 INFO       log_decorator Function parse_parameters called from function: <module>
2021-10-29 17:03:21,306 INFO       client Parameters parsed OK
2021-10-29 17:03:21,306 INFO       log_decorator Exiting parse_parameters
2021-10-29 17:03:21,334 INFO       log_decorator Entering parse_parameters
2021-10-29 17:03:21,334 INFO       log_decorator Function parse_parameters called from function: <module>
2021-10-29 17:03:21,344 INFO       client Parameters parsed OK
2021-10-29 17:03:21,344 INFO       log_decorator Exiting parse_parameters
2021-10-29 17:03:47,518 INFO       log_decorator Entering parse_parameters
2021-10-29 17:03:47,518 INFO       log_decorator Function parse_parameters called from function: <module>
2021-10-29 17:03:47,529 INFO       client Parameters parsed OK
2021-10-29 17:03:47,529 INFO       log_decorator Exiting parse_parameters
2021-10-29 17:03:47,560 INFO       log_decorator Entering parse_parameters
2021-10-29 17:03:47,560 INFO       log_decorator Function parse_parameters called from function: <module>
2021-10-29 17:03:47,571 INFO       client Parameters parsed OK
2021-10-29 17:03:47,571 INFO       log_decorator Exiting parse_parameters
2021-10-29 17:03:47,603 INFO       log_decorator Entering parse_parameters
2021-10-29 17:03:47,603 INFO       log_decorator Function parse_parameters called from function: <module>
2021-10-29 17:03:47,613 INFO       client Parameters parsed OK
2021-10-29 17:03:47,613 INFO       log_decorator Exiting parse_parameters
2021-10-29 17:04:27,656 INFO       log_decorator Entering parse_parameters
2021-10-29 17:04:27,656 INFO       log_decorator Function parse_parameters called from function: <module>
2021-10-29 17:04:27,667 INFO       client Parameters parsed OK
2021-10-29 17:04:27,667 INFO       log_decorator Exiting parse_parameters
2021-10-29 17:04:27,670 INFO       client Server communication OK
2021-10-29 17:04:27,694 INFO       log_decorator Entering parse_parameters
2021-10-29 17:04:27,694 INFO       log_decorator Function parse_parameters called from function: <module>
2021-10-29 17:04:27,704 INFO       client Parameters parsed OK
2021-10-29 17:04:27,704 INFO       log_decorator Exiting parse_parameters
2021-10-29 17:04:27,707 INFO       client Server communication OK
2021-10-29 17:04:27,741 INFO       log_decorator Entering parse_parameters
2021-10-29 17:04:27,741 INFO       log_decorator Function parse_parameters called from function: <module>
2021-10-29 17:04:27,751 INFO       client Parameters parsed OK
2021-10-29 17:04:27,751 INFO       log_decorator Exiting parse_parameters
2021-10-29 17:04:27,761 INFO       client Server communication OK
2021-10-29 17:05:15,369 INFO       log_decorator Entering parse_parameters
2021-10-29 17:05:15,369 INFO       log_decorator Function parse_parameters called from function: <module>
2021-10-29 17:05:15,379 INFO       client Parameters parsed OK
2021-10-29 17:05:15,379 INFO       log_decorator Exiting parse_parameters
2021-10-29 17:05:15,382 INFO       client Server communication OK
2021-10-29 17:05:15,411 INFO       log_decorator Entering parse_parameters
2021-10-29 17:05:15,411 INFO       log_decorator Function parse_parameters called from function: <module>
2021-10-29 17:05:15,421 INFO       client Parameters parsed OK
2021-10-29 17:05:15,421 INFO       log_decorator Exiting parse_parameters
2021-10-29 17:05:15,424 INFO       client Server communication OK
2021-10-29 17:05:15,446 INFO       log_decorator Entering parse_parameters
2021-10-29 17:05:15,446 INFO       log_decorator Function parse_parameters called from function: <module>
2021-10-29 17:05:15,456 INFO       client Parameters parsed OK
2021-10-29 17:05:15,456 INFO       log_decorator Exiting parse_parameters
2021-10-29 17:05:15,465 INFO       client Server communication OK
2021-10-29 17:05:27,585 INFO       log_decorator Entering parse_parameters
2021-10-29 17:05:27,585 INFO       log_decorator Function parse_parameters called from function: <module>
2021-10-29 17:05:27,598 INFO       client Parameters parsed OK
2021-10-29 17:05:27,598 INFO       log_decorator Exiting parse_parameters
2021-10-29 17:05:27,601 INFO       client Server communication OK
2021-10-29 17:05:27,633 INFO       log_decorator Entering parse_parameters
2021-10-29 17:05:27,633 INFO       log_decorator Function parse_parameters called from function: <module>
2021-10-29 17:05:27,644 INFO       client Parameters parsed OK
2021-10-29 17:05:27,644 INFO       log_decorator Exiting parse_parameters
2021-10-29 17:05:27,648 INFO       client Server communication OK
2021-10-29 17:05:27,683 INFO       log_decorator Entering parse_parameters
2021-10-29 17:05:27,683 INFO       log_decorator Function parse_parameters called from function: <module>
2021-10-29 17:05:27,693 INFO       client Parameters parsed OK
2021-10-29 17:05:27,693 INFO       log_decorator Exiting parse_parameters
2021-10-29 17:05:27,703 INFO       client Server communication OK
2021-10-29 17:05:27,721 INFO       log_decorator Entering parse_parameters
2021-10-29 17:05:27,721 INFO       log_decorator Function parse_parameters called from function: <module>
2021-10-29 17:05:27,731 INFO       client Parameters parsed OK
2021-10-29 17:05:27,731 INFO       log_decorator Exiting parse_parameters
2021-10-29 17:06:12,278 INFO       log_decorator Entering parse_parameters
2021-10-29 17:06:12,278 INFO       log_decorator Function parse_parameters called from function: <module>
2021-10-29 17:06:12,291 INFO       client Parameters parsed OK
2021-10-29 17:06:12,291 INFO       log_decorator Exiting parse_parameters
2021-10-29 17:06:12,322 INFO       log_decorator Entering parse_parameters
2021-10-29 17:06:12,322 INFO       log_decorator Function parse_parameters called from function: <module>
2021-10-29 17:06:12,333 INFO       client Parameters parsed OK
2021-10-29 17:06:12,333 INFO       log_decorator Exiting parse_parameters
2021-10-29 17:06:12,362 INFO       log_decorator Entering parse_parameters
2021-10-29 17:06:12,362 INFO       log_decorator Function parse_parameters called from function: <module>
2021-10-29 17:06:12,372 INFO       client Parameters parsed OK
2021-10-29 17:06:12,372 INFO       log_decorator Exiting parse_parameters
2021-10-29 17:06:12,410 INFO       log_decorator Entering parse_parameters
2021-10-29 17:06:12,410 INFO       log_decorator Function parse_parameters called from function: <module>
2021-10-29 17:06:12,420 INFO       client Parameters parsed OK
2021-10-29 17:06:12,420 INFO       log_decorator Exiting parse_parameters
2021-10-29 17:06:28,484 INFO       log_decorator Entering parse_parameters
2021-10-29 17:06:28,484 INFO       log_decorator Function parse_parameters called from function: <module>
2021-10-29 17:06:28,498 INFO       client Parameters parsed OK
2021-10-29 17:06:28,499 INFO       log_decorator Exiting parse_parameters
2021-10-29 17:06:28,502 INFO       client Server communication OK
2021-10-29 17:06:28,534 INFO       log_decorator Entering parse_parameters
2021-10-29 17:06:28,534 INFO       log_decorator Function parse_parameters called from function: <module>
2021-10-29 17:06:28,547 INFO       client Parameters parsed OK
2021-10-29 17:06:28,547 INFO       log_decorator Exiting parse_parameters
2021-10-29 17:06:28,551 INFO       client Server communication OK
2021-10-29 17:06:28,578 INFO       log_decorator Entering parse_parameters
2021-10-29 17:06:28,578 INFO       log_decorator Function parse_parameters called from function: <module>
2021-10-29 17:06:28,589 INFO       client Parameters parsed OK
2021-10-29 17:06:28,589 INFO       log_decorator Exiting parse_parameters
2021-10-29 17:06:28,599 INFO       client Server communication OK
2021-10-29 17:06:28,632 INFO       log_decorator Entering parse_parameters
2021-10-29 17:06:28,632 INFO       log_decorator Function parse_parameters called from function: <module>
2021-10-29 17:06:28,642 INFO       client Parameters parsed OK
2021-10-29 17:06:28,642 INFO       log_decorator Exiting parse_parameters
2021-10-29 17:06:28,675 INFO       log_decorator Entering parse_parameters
2021-10-29 17:06:28,675 INFO       log_decorator Function parse_parameters called from function: <module>
2021-10-29 17:06:28,685 INFO       client Parameters parsed OK
2021-10-29 17:06:28,685 INFO       log_decorator Exiting parse_parameters
2021-10-29 17:07:11,749 INFO       log_decorator Entering parse_parameters
2021-10-29 17:07:11,749 INFO       log_decorator Function parse_parameters called from function: <module>
2021-10-29 17:07:11,760 INFO       client Parameters parsed OK
2021-10-29 17:07:11,760 INFO       log_decorator Exiting parse_parameters
2021-10-29 17:07:11,763 INFO       client Server communication OK
2021-10-29 17:07:11,802 INFO       log_decorator Entering parse_parameters
2021-10-29 17:07:11,802 INFO       log_decorator Function parse_parameters called from function: <module>
2021-10-29 17:07:11,812 INFO       client Parameters parsed OK
2021-10-29 17:07:11,813 INFO       log_decorator Exiting parse_parameters
2021-10-29 17:07:11,816 INFO       client Server communication OK
2021-10-29 17:07:11,840 INFO       log_decorator Entering parse_parameters
2021-10-29 17:07:11,840 INFO       log_decorator Function parse_parameters called from function: <module>
2021-10-29 17:07:11,850 INFO       client Parameters parsed OK
2021-10-29 17:07:11,850 INFO       log_decorator Exiting parse_parameters
2021-10-29 17:07:11,860 INFO       client Server communication OK
2021-11-02 12:44:18,194 INFO       log_decorator Entering parse_parameters
2021-11-02 12:44:18,195 INFO       log_decorator Function parse_parameters called from function: <module>
2021-11-02 12:44:18,205 INFO       client Parameters parsed OK
2021-11-02 12:44:18,205 INFO       log_decorator Exiting parse_parameters
2021-11-02 12:44:18,210 INFO       client Server communication OK
2021-11-02 12:44:18,232 INFO       log_decorator Entering parse_parameters
2021-11-02 12:44:18,232 INFO       log_decorator Function parse_parameters called from function: <module>
2021-11-02 12:44:18,243 INFO       client Parameters parsed OK
2021-11-02 12:44:18,243 INFO       log_decorator Exiting parse_parameters
2021-11-02 12:44:18,247 INFO       client Server communication OK
2021-11-02 12:44:18,279 INFO       log_decorator Entering parse_parameters
2021-11-02 12:44:18,279 INFO       log_decorator Function parse_parameters called from function: <module>
2021-11-02 12:44:18,288 INFO       client Parameters parsed OK
2021-11-02 12:44:18,289 INFO       log_decorator Exiting parse_parameters
2021-11-02 12:44:18,298 INFO       client Server communication OK
2021-11-02 13:31:21,944 INFO       log_decorator Entering parse_parameters
2021-11-02 13:31:21,944 INFO       log_decorator Function parse_parameters called from function: <module>
2021-11-02 13:31:21,952 INFO       client Parameters parsed OK
2021-11-02 13:31:21,952 INFO       log_decorator Exiting parse_parameters
2021-11-02 13:31:21,955 INFO       client Server communication OK
2021-11-02 13:58:11,756 INFO       log_decorator Entering parse_parameters
2021-11-02 13:58:11,756 INFO       log_decorator Function parse_parameters called from function: <module>
2021-11-02 13:58:11,763 INFO       client Parameters parsed OK
2021-11-02 13:58:11,764 INFO       log_decorator Exiting parse_parameters
2021-11-02 13:58:36,713 INFO       log_decorator Entering parse_parameters
2021-11-02 13:58:36,713 INFO       log_decorator Function parse_parameters called from function: <module>
2021-11-02 13:58:36,720 INFO       client Parameters parsed OK
2021-11-02 13:58:36,720 INFO       log_decorator Exiting parse_parameters
2021-11-02 13:58:36,722 INFO       client Server communication OK
2021-11-02 23:08:01,104 INFO       log_decorator Entering parse_parameters
2021-11-02 23:08:01,104 INFO       log_decorator Function parse_parameters called from function: <module>
2021-11-02 23:08:01,111 INFO       client Parameters parsed OK
2021-11-02 23:08:01,112 INFO       log_decorator Exiting parse_parameters
2021-11-02 23:08:01,114 INFO       client Server communication OK
2021-11-04 18:07:29,932 INFO       log_decorator Entering parse_parameters
2021-11-04 18:07:29,932 INFO       log_decorator Function parse_parameters called from function: <module>
2021-11-04 18:07:29,939 INFO       client Parameters parsed OK
2021-11-04 18:07:29,939 INFO       log_decorator Exiting parse_parameters
2021-11-04 18:07:29,942 INFO       client Server communication OK
2021-11-04 18:33:00,793 INFO       log_decorator Entering parse_parameters
2021-11-04 18:33:00,793 INFO       log_decorator Function parse_parameters called from function: <module>
2021-11-04 18:33:00,801 INFO       client Parameters parsed OK
2021-11-04 18:33:00,801 INFO       log_decorator Exiting parse_parameters
2021-11-04 18:33:00,831 INFO       client Server communication OK
2021-11-04 19:31:59,309 INFO       log_decorator Entering parse_parameters
2021-11-04 19:31:59,310 INFO       log_decorator Function parse_parameters called from function: <module>
2021-11-04 19:31:59,317 INFO       client Parameters parsed OK
2021-11-04 19:31:59,317 INFO       log_decorator Exiting parse_parameters
2021-11-04 19:41:17,676 INFO       log_decorator Entering parse_parameters
2021-11-04 19:41:17,676 INFO       log_decorator Function parse_parameters called from function: <module>
2021-11-04 19:41:17,683 INFO       client Parameters parsed OK
2021-11-04 19:41:17,683 INFO       log_decorator Exiting parse_parameters
2021-11-04 19:41:17,686 INFO       client Server communication OK
2021-11-05 16:38:32,487 INFO       log_decorator Entering parse_parameters
2021-11-05 16:38:32,488 INFO       log_decorator Function parse_parameters called from function: <module>
2021-11-05 16:38:32,495 INFO       client Parameters parsed OK
2021-11-05 16:38:32,495 INFO       log_decorator Exiting parse_parameters
2021-11-05 16:38:32,498 INFO       client Server communication OK
2021-11-05 16:41:05,209 INFO       log_decorator Entering parse_parameters
2021-11-05 16:41:05,209 INFO       log_decorator Function parse_parameters called from function: <module>
2021-11-05 16:41:05,216 INFO       client Parameters parsed OK
2021-11-05 16:41:05,216 INFO       log_decorator Exiting parse_parameters
2021-11-05 16:41:05,219 INFO       client Server communication OK
2021-11-11 15:19:32,697 INFO       log_decorator Entering parse_parameters
2021-11-11 15:19:32,697 INFO       log_decorator Function parse_parameters called from function: <module>
2021-11-11 15:19:32,705 INFO       client Parameters parsed OK
2021-11-11 15:19:32,705 INFO       log_decorator Exiting parse_parameters
2021-11-11 15:19:32,708 INFO       client Server communication OK
2021-11-11 15:19:32,709 INFO       log_decorator Entering parse_parameters
2021-11-11 15:19:32,709 INFO       log_decorator Function parse_parameters called from function: <module>
2021-11-11 15:19:32,709 INFO       client Parameters parsed OK
2021-11-11 15:19:32,709 INFO       log_decorator Exiting parse_parameters
2021-11-11 15:19:32,710 INFO       client Server communication OK
2021-11-11 15:25:05,409 INFO       log_decorator Entering parse_parameters
2021-11-11 15:25:05,409 INFO       log_decorator Function parse_parameters called from function: <module>
2021-11-11 15:25:05,416 INFO       client Parameters parsed OK
2021-11-11 15:25:05,416 INFO       log_decorator Exiting parse_parameters
2021-11-11 15:25:05,419 INFO       client Server communication OK
2021-11-11 15:25:05,419 INFO       log_decorator Entering parse_parameters
2021-11-11 15:25:05,419 INFO       log_decorator Function parse_parameters called from function: <module>
2021-11-11 15:25:05,419 INFO       client Parameters parsed OK
2021-11-11 15:25:05,419 INFO       log_decorator Exiting parse_parameters
2021-11-11 15:25:05,420 INFO       client Server communication OK
2021-11-11 15:32:11,381 INFO       log_decorator Entering parse_parameters
2021-11-11 15:32:11,381 INFO       log_decorator Function parse_parameters called from function: <module>
2021-11-11 15:32:11,388 INFO       client Parameters parsed OK
2021-11-11 15:32:11,389 INFO       log_decorator Exiting parse_parameters
2021-11-11 15:32:11,391 INFO       client Server communication OK
2021-11-11 15:32:11,597 INFO       client Server communication OK
2021-11-11 15:43:26,246 INFO       log_decorator Entering parse_parameters
2021-11-11 15:43:26,246 INFO       log_decorator Function parse_parameters called from function: <module>
2021-11-11 15:43:26,253 INFO       client Parameters parsed OK
2021-11-11 15:43:26,253 INFO       log_decorator Exiting parse_parameters
2021-11-11 15:43:26,256 INFO       client Server communication OK
2021-11-11 15:43:26,466 INFO       client Server communication OK
2021-11-11 15:44:35,388 INFO       log_decorator Entering parse_parameters
2021-11-11 15:44:35,388 INFO       log_decorator Function parse_parameters called from function: <module>
2021-11-11 15:44:35,395 INFO       client Parameters parsed OK
2021-11-11 15:44:35,395 INFO       log_decorator Exiting parse_parameters
2021-11-11 15:44:35,401 INFO       client Server communication OK
2021-11-11 17:49:41,438 INFO       log_decorator Entering parse_parameters
2021-11-11 17:49:41,438 INFO       log_decorator Function parse_parameters called from function: <module>
2021-11-11 17:49:41,445 INFO       client Parameters parsed OK
2021-11-11 17:49:41,445 INFO       log_decorator Exiting parse_parameters
2021-11-11 17:49:41,448 INFO       client Server communication OK
2021-11-11 17:49:41,664 INFO       client Server communication OK
2021-11-11 17:51:01,443 INFO       log_decorator Entering parse_parameters
2021-11-11 17:51:01,443 INFO       log_decorator Function parse_parameters called from function: <module>
2021-11-11 17:51:01,450 INFO       client Parameters parsed OK
2021-11-11 17:51:01,450 INFO       log_decorator Exiting parse_parameters
2021-11-11 17:51:01,456 INFO       client Server communication OK
2021-11-11 17:51:52,893 INFO       log_decorator Entering parse_parameters
2021-11-11 17:51:52,893 INFO       log_decorator Function parse_parameters called from function: <module>
2021-11-11 17:51:52,900 INFO       client Parameters parsed OK
2021-11-11 17:51:52,900 INFO       log_decorator Exiting parse_parameters
2021-11-11 17:51:52,903 INFO       client Server communication OK
2021-11-11 17:51:53,118 INFO       client Server communication OK
2021-11-11 17:53:41,826 INFO       log_decorator Entering parse_parameters
2021-11-11 17:53:41,826 INFO       log_decorator Function parse_parameters called from function: <module>
2021-11-11 17:53:41,833 INFO       client Parameters parsed OK
2021-11-11 17:53:41,833 INFO       log_decorator Exiting parse_parameters
2021-11-11 17:53:41,836 INFO       client Server communication OK
2021-11-11 17:53:42,044 INFO       client Server communication OK
2021-11-11 17:59:28,213 INFO       log_decorator Entering parse_parameters
2021-11-11 17:59:28,213 INFO       log_decorator Function parse_parameters called from function: <module>
2021-11-11 17:59:28,220 INFO       client Parameters parsed OK
2021-11-11 17:59:28,220 INFO       log_decorator Exiting parse_parameters
2021-11-11 17:59:28,223 INFO       client Server communication OK
2021-11-11 17:59:28,429 INFO       client Server communication OK
2021-11-11 18:04:21,080 INFO       log_decorator Entering parse_parameters
2021-11-11 18:04:21,080 INFO       log_decorator Function parse_parameters called from function: <module>
2021-11-11 18:04:21,087 INFO       client Parameters parsed OK
2021-11-11 18:04:21,087 INFO       log_decorator Exiting parse_parameters
2021-11-11 18:04:21,090 INFO       client Server communication OK
2021-11-11 18:04:21,296 INFO       client Server communication OK
2021-11-11 18:29:40,979 INFO       log_decorator Entering parse_parameters
2021-11-11 18:29:40,979 INFO       log_decorator Function parse_parameters called from function: <module>
2021-11-11 18:29:40,986 INFO       client Parameters parsed OK
2021-11-11 18:29:40,986 INFO       log_decorator Exiting parse_parameters
2021-11-11 18:29:40,989 INFO       client Server communication OK
2021-11-11 18:29:41,197 INFO       client Server communication OK
2021-11-11 18:37:36,938 INFO       log_decorator Entering parse_parameters
2021-11-11 18:37:36,938 INFO       log_decorator Function parse_parameters called from function: <module>
2021-11-11 18:37:36,945 INFO       client Parameters parsed OK
2021-11-11 18:37:36,945 INFO       log_decorator Exiting parse_parameters
2021-11-11 18:37:36,948 INFO       client Server communication OK
2021-11-11 18:37:37,159 INFO       client Server communication OK
2021-11-11 18:41:15,329 INFO       log_decorator Entering parse_parameters
2021-11-11 18:41:15,329 INFO       log_decorator Function parse_parameters called from function: <module>
2021-11-11 18:41:15,336 INFO       client Parameters parsed OK
2021-11-11 18:41:15,336 INFO       log_decorator Exiting parse_parameters
2021-11-11 18:41:23,460 INFO       log_decorator Entering parse_parameters
2021-11-11 18:41:23,460 INFO       log_decorator Function parse_parameters called from function: <module>
2021-11-11 18:41:23,466 INFO       client Parameters parsed OK
2021-11-11 18:41:23,466 INFO       log_decorator Exiting parse_parameters
2021-11-11 18:41:23,469 INFO       client Server communication OK
2021-11-11 18:41:23,680 INFO       client Server communication OK
2021-11-11 18:43:38,513 INFO       log_decorator Entering parse_parameters
2021-11-11 18:43:38,514 INFO       log_decorator Function parse_parameters called from function: <module>
2021-11-11 18:43:38,521 INFO       client Parameters parsed OK
2021-11-11 18:43:38,521 INFO       log_decorator Exiting parse_parameters
2021-11-11 18:43:38,524 INFO       client Server communication OK
2021-11-11 18:46:50,303 INFO       log_decorator Entering parse_parameters
2021-11-11 18:46:50,304 INFO       log_decorator Function parse_parameters called from function: <module>
2021-11-11 18:46:50,311 INFO       client Parameters parsed OK
2021-11-11 18:46:50,311 INFO       log_decorator Exiting parse_parameters
2021-11-11 18:46:50,314 INFO       client Server communication OK
2021-11-11 18:50:02,972 INFO       log_decorator Entering parse_parameters
2021-11-11 18:50:02,972 INFO       log_decorator Function parse_parameters called from function: <module>
2021-11-11 18:50:02,979 INFO       client Parameters parsed OK
2021-11-11 18:50:02,979 INFO       log_decorator Exiting parse_parameters
2021-11-11 18:50:02,982 INFO       client Server communication OK
2021-11-11 18:51:44,553 INFO       log_decorator Entering parse_parameters
2021-11-11 18:51:44,553 INFO       log_decorator Function parse_parameters called from function: <module>
2021-11-11 18:51:44,560 INFO       client Parameters parsed OK
2021-11-11 18:51:44,560 INFO       log_decorator Exiting parse_parameters
2021-11-11 18:51:44,563 INFO       client Server communication OK
2021-11-11 18:51:44,769 INFO       client Server communication OK
2021-11-11 18:52:24,471 INFO       log_decorator Entering parse_parameters
2021-11-11 18:52:24,471 INFO       log_decorator Function parse_parameters called from function: <module>
2021-11-11 18:52:24,479 INFO       client Parameters parsed OK
2021-11-11 18:52:24,479 INFO       log_decorator Exiting parse_parameters
2021-11-11 18:52:24,482 INFO       client Server communication OK
2021-11-11 18:52:24,689 INFO       client Server communication OK
2021-11-11 18:54:01,006 INFO       log_decorator Entering parse_parameters
2021-11-11 18:54:01,006 INFO       log_decorator Function parse_parameters called from function: <module>
2021-11-11 18:54:01,013 INFO       client Parameters parsed OK
2021-11-11 18:54:01,013 INFO       log_decorator Exiting parse_parameters
2021-11-11 18:54:01,016 INFO       client Server communication OK
2021-11-11 18:54:01,221 INFO       client Server communication OK
2021-11-11 19:48:45,773 INFO       log_decorator Entering parse_parameters
2021-11-11 19:48:45,773 INFO       log_decorator Function parse_parameters called from function: <module>
2021-11-11 19:48:45,780 INFO       client Parameters parsed OK
2021-11-11 19:48:45,780 INFO       log_decorator Exiting parse_parameters
2021-11-11 19:48:45,783 INFO       client Server communication OK
2021-11-11 19:48:45,994 INFO       client Server communication OK
2021-11-11 19:49:52,103 INFO       log_decorator Entering parse_parameters
2021-11-11 19:49:52,103 INFO       log_decorator Function parse_parameters called from function: <module>
2021-11-11 19:49:52,110 INFO       client Parameters parsed OK
2021-11-11 19:49:52,110 INFO       log_decorator Exiting parse_parameters
2021-11-11 19:49:52,113 INFO       client Server communication OK
2021-11-11 19:49:52,314 INFO       client Server communication OK
2021-11-11 22:19:32,497 INFO       log_decorator Entering parse_parameters
2021-11-11 22:19:32,498 INFO       log_decorator Function parse_parameters called from function: <module>
2021-11-11 22:19:32,504 INFO       client Parameters parsed OK
2021-11-11 22:19:32,504 INFO       log_decorator Exiting parse_parameters
2021-11-11 22:19:32,507 INFO       client Server communication OK
2021-11-11 22:19:32,722 INFO       client Server communication OK
2021-11-11 22:20:04,255 INFO       log_decorator Entering parse_parameters
2021-11-11 22:20:04,255 INFO       log_decorator Function parse_parameters called from function: <module>
2021-11-11 22:20:04,262 INFO       client Parameters parsed OK
2021-11-11 22:20:04,262 INFO       log_decorator Exiting parse_parameters
2021-11-11 22:20:04,265 INFO       client Server communication OK
2021-11-11 22:20:04,480 INFO       client Server communication OK
2021-11-12 00:07:06,064 INFO       log_decorator Entering parse_parameters
2021-11-12 00:07:06,065 INFO       log_decorator Function parse_parameters called from function: <module>
2021-11-12 00:07:06,071 INFO       client_optimized Parameters parsed OK
2021-11-12 00:07:06,071 INFO       log_decorator Exiting parse_parameters
2021-11-12 00:07:06,074 INFO       client_optimized Server communication OK
2021-11-12 00:07:06,284 INFO       client_optimized Server communication OK
2021-11-12 00:11:05,837 INFO       log_decorator Entering parse_parameters
2021-11-12 00:11:05,837 INFO       log_decorator Function parse_parameters called from function: <module>
2021-11-12 00:11:05,843 INFO       client_optimized Parameters parsed OK
2021-11-12 00:11:05,843 INFO       log_decorator Exiting parse_parameters
2021-11-12 00:11:05,846 INFO       client_optimized Server communication OK
2021-11-12 00:11:06,055 INFO       client_optimized Server communication OK
2021-11-12 00:12:54,189 INFO       log_decorator Entering parse_parameters
2021-11-12 00:12:54,189 INFO       log_decorator Function parse_parameters called from function: <module>
2021-11-12 00:12:54,200 INFO       client_optimized Parameters parsed OK
2021-11-12 00:12:54,200 INFO       log_decorator Exiting parse_parameters
2021-11-12 00:12:54,203 INFO       client_optimized Server communication OK
2021-11-12 00:12:54,406 INFO       client_optimized Server communication OK
2021-11-12 00:18:35,444 INFO       log_decorator Entering parse_parameters
2021-11-12 00:18:35,445 INFO       log_decorator Function parse_parameters called from function: <module>
2021-11-12 00:18:35,451 INFO       client_optimized Parameters parsed OK
2021-11-12 00:18:35,452 INFO       log_decorator Exiting parse_parameters
2021-11-12 00:18:35,454 INFO       client_optimized Server communication OK
2021-11-12 00:18:35,668 INFO       client_optimized Server communication OK
2021-11-12 00:21:05,674 INFO       log_decorator Entering parse_parameters
2021-11-12 00:21:05,674 INFO       log_decorator Function parse_parameters called from function: <module>
2021-11-12 00:21:05,681 INFO       client_optimized Parameters parsed OK
2021-11-12 00:21:05,681 INFO       log_decorator Exiting parse_parameters
2021-11-12 00:21:05,684 INFO       client_optimized Server communication OK
2021-11-12 00:21:05,898 INFO       client_optimized Server communication OK
2021-11-12 00:31:06,596 INFO       log_decorator Entering parse_parameters
2021-11-12 00:31:06,596 INFO       log_decorator Function parse_parameters called from function: <module>
2021-11-12 00:31:06,603 INFO       client_optimized Parameters parsed OK
2021-11-12 00:31:06,603 INFO       log_decorator Exiting parse_parameters
2021-11-12 00:31:06,606 INFO       client_optimized Server communication OK
2021-11-12 00:31:06,808 INFO       client_optimized Server communication OK
2021-11-12 00:33:22,809 INFO       log_decorator Entering parse_parameters
2021-11-12 00:33:22,809 INFO       log_decorator Function parse_parameters called from function: <module>
2021-11-12 00:33:22,816 INFO       client_optimized Parameters parsed OK
2021-11-12 00:33:22,816 INFO       log_decorator Exiting parse_parameters
2021-11-12 00:33:22,819 INFO       client_optimized Server communication OK
2021-11-12 00:33:23,033 INFO       client_optimized Server communication OK
2021-11-12 00:33:53,713 INFO       log_decorator Entering parse_parameters
2021-11-12 00:33:53,713 INFO       log_decorator Function parse_parameters called from function: <module>
2021-11-12 00:33:53,720 INFO       client_optimized Parameters parsed OK
2021-11-12 00:33:53,720 INFO       log_decorator Exiting parse_parameters
2021-11-12 00:33:53,723 INFO       client_optimized Server communication OK
2021-11-12 00:33:53,927 INFO       client_optimized Server communication OK
2021-11-12 00:35:29,817 INFO       log_decorator Entering parse_parameters
2021-11-12 00:35:29,817 INFO       log_decorator Function parse_parameters called from function: <module>
2021-11-12 00:35:29,824 INFO       client_optimized Parameters parsed OK
2021-11-12 00:35:29,825 INFO       log_decorator Exiting parse_parameters
2021-11-12 00:35:29,828 INFO       client_optimized Server communication OK
2021-11-12 00:35:30,029 INFO       client_optimized Server communication OK
2021-11-12 00:43:23,138 INFO       log_decorator Entering parse_parameters
2021-11-12 00:43:23,138 INFO       log_decorator Function parse_parameters called from function: <module>
2021-11-12 00:43:23,144 INFO       client_optimized Parameters parsed OK
2021-11-12 00:43:23,144 INFO       log_decorator Exiting parse_parameters
2021-11-12 00:43:23,147 INFO       client_optimized Server communication OK
2021-11-12 00:43:23,353 INFO       client_optimized Server communication OK
2021-11-12 00:43:23,558 INFO       client_optimized Server communication OK
2021-11-12 00:46:01,967 INFO       log_decorator Entering parse_parameters
2021-11-12 00:46:01,967 INFO       log_decorator Function parse_parameters called from function: <module>
2021-11-12 00:46:01,975 INFO       client_optimized Parameters parsed OK
2021-11-12 00:46:01,975 INFO       log_decorator Exiting parse_parameters
2021-11-12 00:46:01,978 INFO       client_optimized Server communication OK
2021-11-12 00:46:02,185 INFO       client_optimized Server communication OK
2021-11-12 00:46:02,391 INFO       client_optimized Server communication OK
2021-11-12 00:48:14,644 INFO       log_decorator Entering parse_parameters
2021-11-12 00:48:14,644 INFO       log_decorator Function parse_parameters called from function: <module>
2021-11-12 00:48:14,651 INFO       client_optimized Parameters parsed OK
2021-11-12 00:48:14,651 INFO       log_decorator Exiting parse_parameters
2021-11-12 00:48:14,654 INFO       client_optimized Server communication OK
2021-11-12 00:48:14,864 INFO       client_optimized Server communication OK
2021-11-12 00:48:15,071 INFO       client_optimized Server communication OK
2021-11-12 00:49:43,138 INFO       log_decorator Entering parse_parameters
2021-11-12 00:49:43,138 INFO       log_decorator Function parse_parameters called from function: <module>
2021-11-12 00:49:43,145 INFO       client_optimized Parameters parsed OK
2021-11-12 00:49:43,146 INFO       log_decorator Exiting parse_parameters
2021-11-12 00:49:43,148 INFO       client_optimized Server communication OK
2021-11-12 00:49:43,363 INFO       client_optimized Server communication OK
2021-11-12 00:49:43,569 INFO       client_optimized Server communication OK
2021-11-12 00:53:24,110 INFO       log_decorator Entering parse_parameters
2021-11-12 00:53:24,110 INFO       log_decorator Function parse_parameters called from function: <module>
2021-11-12 00:53:24,117 INFO       client_optimized Parameters parsed OK
2021-11-12 00:53:24,117 INFO       log_decorator Exiting parse_parameters
2021-11-12 00:53:24,120 INFO       client_optimized Server communication OK
2021-11-12 00:53:24,324 INFO       client_optimized Server communication OK
2021-11-12 00:53:24,530 INFO       client_optimized Server communication OK
2021-11-12 00:53:24,738 INFO       client_optimized Server communication OK
2021-11-12 11:40:59,359 INFO       log_decorator Entering parse_parameters
2021-11-12 11:40:59,359 INFO       log_decorator Function parse_parameters called from function: <module>
2021-11-12 11:40:59,367 INFO       client_optimized Parameters parsed OK
2021-11-12 11:40:59,367 INFO       log_decorator Exiting parse_parameters
2021-11-12 11:40:59,370 INFO       client_optimized Server communication OK
2021-11-12 11:40:59,579 INFO       client_optimized Server communication OK
2021-11-12 11:40:59,785 INFO       client_optimized Server communication OK
2021-11-12 11:40:59,992 INFO       client_optimized Server communication OK
2021-11-12 11:42:26,798 INFO       log_decorator Entering parse_parameters
2021-11-12 11:42:26,798 INFO       log_decorator Function parse_parameters called from function: <module>
2021-11-12 11:42:26,805 INFO       client_optimized Parameters parsed OK
2021-11-12 11:42:26,805 INFO       log_decorator Exiting parse_parameters
2021-11-12 11:42:26,808 INFO       client_optimized Server communication OK
2021-11-12 11:42:27,021 INFO       client_optimized Server communication OK
2021-11-12 11:42:27,226 INFO       client_optimized Server communication OK
2021-11-12 11:42:27,430 INFO       client_optimized Server communication OK
2021-11-12 18:09:12,881 INFO       log_decorator Entering parse_parameters
2021-11-12 18:09:12,881 INFO       log_decorator Function parse_parameters called from function: <module>
2021-11-12 18:09:12,888 INFO       client_optimized Parameters parsed OK
2021-11-12 18:09:12,888 INFO       log_decorator Exiting parse_parameters
2021-11-12 18:09:12,892 INFO       client_optimized Server communication OK
2021-11-12 18:09:13,097 INFO       client_optimized Server communication OK
2021-11-12 18:09:13,301 INFO       client_optimized Server communication OK
2021-11-12 18:09:13,509 INFO       client_optimized Server communication OK
2021-11-12 18:13:19,651 INFO       log_decorator Entering parse_parameters
2021-11-12 18:13:19,651 INFO       log_decorator Function parse_parameters called from function: <module>
2021-11-12 18:13:19,658 INFO       client_optimized Parameters parsed OK
2021-11-12 18:13:19,658 INFO       log_decorator Exiting parse_parameters
2021-11-12 18:13:19,661 INFO       client_optimized Server communication OK
2021-11-12 18:13:19,869 INFO       client_optimized Server communication OK
2021-11-12 18:13:20,078 INFO       client_optimized Server communication OK
2021-11-12 18:13:20,283 INFO       client_optimized Server communication OK
2021-11-19 13:50:44,316 INFO       log_decorator Entering parse_parameters
2021-11-19 13:50:44,316 INFO       log_decorator Function parse_parameters called from function: <module>
2021-11-19 13:50:44,323 INFO       client_optimized Parameters parsed OK
2021-11-19 13:50:44,323 INFO       log_decorator Exiting parse_parameters
2021-11-19 13:50:44,326 INFO       client_optimized Server communication OK
2021-11-19 13:50:44,532 INFO       client_optimized Server communication OK
2021-11-19 13:50:44,737 INFO       client_optimized Server communication OK
2021-11-19 13:50:44,940 INFO       client_optimized Server communication OK
2021-11-19 14:08:31,122 INFO       log_decorator Entering parse_parameters
2021-11-19 14:08:31,122 INFO       log_decorator Function parse_parameters called from function: <module>
2021-11-19 14:08:31,130 INFO       client_optimized Parameters parsed OK
2021-11-19 14:08:31,130 INFO       log_decorator Exiting parse_parameters
2021-11-19 14:08:31,133 INFO       client_optimized Server communication OK
2021-11-19 14:08:31,337 INFO       client_optimized Server communication OK
2021-11-19 14:08:31,539 INFO       client_optimized Server communication OK
2021-11-19 14:08:31,745 INFO       client_optimized Server communication OK
2021-11-19 15:25:40,842 INFO       log_decorator Entering parse_parameters
2021-11-19 15:25:40,842 INFO       log_decorator Function parse_parameters called from function: <module>
2021-11-19 15:25:40,852 INFO       client_optimized Parameters parsed OK
2021-11-19 15:25:40,852 INFO       log_decorator Exiting parse_parameters
2021-11-19 15:25:40,855 INFO       client_optimized Server communication OK
2021-11-19 15:25:40,855 INFO       client_optimized Server communication OK
2021-11-19 15:25:40,856 INFO       client_optimized Server communication OK
2021-11-19 15:25:40,856 INFO       client_optimized Server communication OK
2021-11-19 15:26:56,867 INFO       log_decorator Entering parse_parameters
2021-11-19 15:26:56,867 INFO       log_decorator Function parse_parameters called from function: <module>
2021-11-19 15:26:56,874 INFO       client_optimized Parameters parsed OK
2021-11-19 15:26:56,874 INFO       log_decorator Exiting parse_parameters
2021-11-19 15:26:56,877 INFO       client_optimized Server communication OK
2021-11-19 15:26:56,877 INFO       client_optimized Server communication OK
2021-11-19 15:26:56,877 INFO       client_optimized Server communication OK
2021-11-19 15:26:56,877 INFO       client_optimized Server communication OK
2022-02-01 18:02:18,591 INFO       log_decorator Entering parse_parameters
2022-02-01 18:02:18,592 INFO       log_decorator Function parse_parameters called from function: <module>
2022-02-01 18:02:18,599 INFO       client Parameters parsed OK
2022-02-01 18:02:18,600 INFO       log_decorator Exiting parse_parameters
2022-02-01 18:02:18,602 INFO       client Server communication OK
2022-02-01 18:02:27,249 INFO       log_decorator Entering parse_parameters
2022-02-01 18:02:27,249 INFO       log_decorator Function parse_parameters called from function: <module>
2022-02-01 18:02:27,256 INFO       client_optimized Parameters parsed OK
2022-02-01 18:02:27,256 INFO       log_decorator Exiting parse_parameters
2022-02-01 18:02:27,258 INFO       client_optimized Server communication OK
2022-02-01 18:02:27,259 INFO       client_optimized Server communication OK
2022-02-01 18:02:27,259 INFO       client_optimized Server communication OK
2022-02-01 18:02:27,260 INFO       client_optimized Server communication OK
